\BOOKMARK [0][-]{chapter.1}{Open Hardware CNC-Maschinen}{}% 1
\BOOKMARK [1][-]{section.1.1}{HomoFaciens CNC}{chapter.1}% 2
\BOOKMARK [1][-]{section.1.2}{RepRap CNC}{chapter.1}% 3
\BOOKMARK [1][-]{section.1.3}{MicroMill CNC}{chapter.1}% 4
\BOOKMARK [0][-]{chapter.2}{Projektmanagement}{}% 5
\BOOKMARK [1][-]{section.2.1}{Projektphasen}{chapter.2}% 6
\BOOKMARK [2][-]{subsection.2.1.1}{Definition von Projektphasen und Meilensteinen}{section.2.1}% 7
\BOOKMARK [2][-]{subsection.2.1.2}{Anforderungsprofil}{section.2.1}% 8
\BOOKMARK [2][-]{subsection.2.1.3}{Recherche}{section.2.1}% 9
\BOOKMARK [2][-]{subsection.2.1.4}{Konzeptionierung}{section.2.1}% 10
\BOOKMARK [2][-]{subsection.2.1.5}{Preisvergleich}{section.2.1}% 11
\BOOKMARK [0][-]{chapter.3}{Komponenten}{}% 12
\BOOKMARK [1][-]{section.3.1}{Koordinatentisch}{chapter.3}% 13
\BOOKMARK [2][-]{subsection.3.1.1}{Aluminiumsystemprofile}{section.3.1}% 14
\BOOKMARK [2][-]{subsection.3.1.2}{Tisch}{section.3.1}% 15
\BOOKMARK [2][-]{subsection.3.1.3}{Werkst\374ck-Befestigung}{section.3.1}% 16
\BOOKMARK [2][-]{subsection.3.1.4}{K\374hlmittel-Auffangbecken}{section.3.1}% 17
\BOOKMARK [1][-]{section.3.2}{Antrieb}{chapter.3}% 18
\BOOKMARK [2][-]{subsection.3.2.1}{Antriebswelle}{section.3.2}% 19
\BOOKMARK [2][-]{subsection.3.2.2}{Antriebsmotoren}{section.3.2}% 20
\BOOKMARK [1][-]{section.3.3}{B\374rstenmotoren}{chapter.3}% 21
\BOOKMARK [1][-]{section.3.4}{Schrittmotoren}{chapter.3}% 22
\BOOKMARK [1][-]{section.3.5}{Werkzeug}{chapter.3}% 23
\BOOKMARK [2][-]{subsection.3.5.1}{Werkzeugantrieb}{section.3.5}% 24
\BOOKMARK [2][-]{subsection.3.5.2}{Bohrmaschine}{section.3.5}% 25
\BOOKMARK [2][-]{subsection.3.5.3}{Bohrfutter}{section.3.5}% 26
\BOOKMARK [2][-]{subsection.3.5.4}{Bohrer}{section.3.5}% 27
\BOOKMARK [1][-]{section.3.6}{Ger\374st}{chapter.3}% 28
\BOOKMARK [2][-]{subsection.3.6.1}{L-Form}{section.3.6}% 29
\BOOKMARK [2][-]{subsection.3.6.2}{C-Form}{section.3.6}% 30
\BOOKMARK [2][-]{subsection.3.6.3}{Stahlprofile}{section.3.6}% 31
\BOOKMARK [2][-]{subsection.3.6.4}{Schutz}{section.3.6}% 32
\BOOKMARK [1][-]{section.3.7}{K\374hlkreislauf}{chapter.3}% 33
\BOOKMARK [2][-]{subsection.3.7.1}{K\374hlmittel}{section.3.7}% 34
\BOOKMARK [2][-]{subsection.3.7.2}{Schl\344uche}{section.3.7}% 35
\BOOKMARK [2][-]{subsection.3.7.3}{Pumpe}{section.3.7}% 36
\BOOKMARK [2][-]{subsection.3.7.4}{Filter}{section.3.7}% 37
\BOOKMARK [1][-]{section.3.8}{Elektronik-Hardware}{chapter.3}% 38
\BOOKMARK [2][-]{subsection.3.8.1}{Netzteil}{section.3.8}% 39
\BOOKMARK [2][-]{subsection.3.8.2}{Kabel}{section.3.8}% 40
\BOOKMARK [2][-]{subsection.3.8.3}{Kabelf\374hrung}{section.3.8}% 41
\BOOKMARK [2][-]{subsection.3.8.4}{Display}{section.3.8}% 42
\BOOKMARK [2][-]{subsection.3.8.5}{PC-Schnittstelle}{section.3.8}% 43
\BOOKMARK [2][-]{subsection.3.8.6}{Microcontroller}{section.3.8}% 44
\BOOKMARK [2][-]{subsection.3.8.7}{Treiber}{section.3.8}% 45
\BOOKMARK [2][-]{subsection.3.8.8}{Relais}{section.3.8}% 46
\BOOKMARK [1][-]{section.3.9}{Elektronik-Software}{chapter.3}% 47
\BOOKMARK [0][-]{chapter.4}{Methoden}{}% 48
\BOOKMARK [1][-]{section.4.1}{Modellieren}{chapter.4}% 49
\BOOKMARK [2][-]{subsection.4.1.1}{FreeCAD}{section.4.1}% 50
\BOOKMARK [2][-]{subsection.4.1.2}{Illustrator}{section.4.1}% 51
\BOOKMARK [2][-]{subsection.4.1.3}{Excel}{section.4.1}% 52
\BOOKMARK [1][-]{section.4.2}{Konstruktion}{chapter.4}% 53
\BOOKMARK [2][-]{subsection.4.2.1}{Fachwerk}{section.4.2}% 54
\BOOKMARK [2][-]{subsection.4.2.2}{Knotenbleche}{section.4.2}% 55
\BOOKMARK [2][-]{subsection.4.2.3}{Stecken}{section.4.2}% 56
\BOOKMARK [2][-]{subsection.4.2.4}{Langloch-Verbinden}{section.4.2}% 57
\BOOKMARK [2][-]{subsection.4.2.5}{Schrauben}{section.4.2}% 58
\BOOKMARK [2][-]{subsection.4.2.6}{Schraubverbindung}{section.4.2}% 59
\BOOKMARK [2][-]{subsection.4.2.7}{Lager}{section.4.2}% 60
\BOOKMARK [2][-]{subsection.4.2.8}{Linearlager}{section.4.2}% 61
\BOOKMARK [2][-]{subsection.4.2.9}{Axiallager}{section.4.2}% 62
\BOOKMARK [1][-]{section.4.3}{Bohren}{chapter.4}% 63
\BOOKMARK [1][-]{section.4.4}{Schwei\337en}{chapter.4}% 64
\BOOKMARK [1][-]{section.4.5}{MAK}{chapter.4}% 65
\BOOKMARK [1][-]{section.4.6}{Schneiden}{chapter.4}% 66
\BOOKMARK [2][-]{subsection.4.6.1}{Gewindeschneiden}{section.4.6}% 67
